<?xml version="1.0" encoding="UTF-8"?>
<testsuites name="TestSuite1" time="21.449" tests="1" failures="0" errors="0">
   <testsuite name="TestSuite1" tests="1" failures="0" errors="0" time="21.449" timestamp="2019-12-04 15:59:54" hostname="yovchev.m - DEW-YOVCHEV.ik.local" id="Test Suites/TestSuite1">
      <properties>
         <property name="deviceName" value=""/>
         <property name="devicePlatform" value=""/>
         <property name="logFolder" value="C:\\Users\\yovchev.m\\Katalon Studio\\SampleProject\\Reports\\20191204_155949\\TestSuite1\\20191204_155949"/>
         <property name="logFiles" value="C:\\Users\\yovchev.m\\Katalon Studio\\SampleProject\\Reports\\20191204_155949\\TestSuite1\\20191204_155949\\execution0.log"/>
         <property name="attachments" value=""/>
         <property name="hostName" value="yovchev.m - DEW-YOVCHEV.ik.local"/>
         <property name="os" value="Windows 10 64bit"/>
         <property name="katalonVersion" value="7.1.0.1"/>
         <property name="browser" value="Firefox 70.0"/>
         <property name="hostAddress" value="192.168.56.1"/>
         <property name="sessionId" value="f84009e9-991f-4f03-8395-87f7e60cfc55"/>
         <property name="seleniumVersion" value="3.141.59"/>
         <property name="proxyInformation" value="ProxyInformation{proxyOption=NO_PROXY, proxyServerType=HTTP, password=, proxyServerAddress=, proxyServerPort=0}"/>
         <property name="platform" value="Windows 10"/>
      </properties>
      <testcase name="Test Cases/Login/Test3" time="20.789" classname="Test Cases/Login/Test3" status="PASSED">
         <system-out><![CDATA[2019-12-04 15:59:55 - [TEST_CASE][PASSED] - Test Cases/Login/Test3: Test Cases/Login/Test3

2019-12-04 15:59:55 - [TEST_STEP][PASSED] - Start listener action : onTestCaseStart: null

2019-12-04 15:59:55 - [TEST_STEP][PASSED] - println("I am inside onTestCaseStart fuction"): null

2019-12-04 15:59:55 - [TEST_STEP][PASSED] - openBrowser("http://lifecharger.org/"): Browser is opened with url: 'http://lifecharger.org/'

2019-12-04 15:59:56 - [MESSAGE][INFO] - Starting 'Firefox' driver

2019-12-04 15:59:57 - [MESSAGE][INFO] - Action delay is set to 0 seconds

2019-12-04 16:00:07 - [MESSAGE][PASSED] - Browser is opened with url: 'http://lifecharger.org/'

2019-12-04 16:00:07 - [TEST_STEP][PASSED] - click(findTestObject("Object Repository/Test3_OR/h2_Make the rest of your life the best of your life")): Object: 'Object Repository/Test3_OR/h2_Make the rest of your life the best of your life' is clicked on

2019-12-04 16:00:10 - [MESSAGE][PASSED] - Object: 'Object Repository/Test3_OR/h2_Make the rest of your life the best of your life' is clicked on

2019-12-04 16:00:10 - [TEST_STEP][PASSED] - setText(findTestObject("Object Repository/Test3_OR/input_Search for_s"), "life"): Text 'life' is set on object 'Object Repository/Test3_OR/input_Search for_s'

2019-12-04 16:00:11 - [MESSAGE][PASSED] - Text 'life' is set on object 'Object Repository/Test3_OR/input_Search for_s'

2019-12-04 16:00:11 - [TEST_STEP][PASSED] - verifyElementPresent(findTestObject("Object Repository/Test3_OR/a_Home"), 4): Object 'Object Repository/Test3_OR/a_Home' is present

2019-12-04 16:00:12 - [MESSAGE][PASSED] - Object 'Object Repository/Test3_OR/a_Home' is present

2019-12-04 16:00:12 - [TEST_STEP][PASSED] - closeBrowser(): Browser is closed

2019-12-04 16:00:16 - [MESSAGE][PASSED] - Browser is closed

2019-12-04 16:00:16 - [TEST_STEP][PASSED] - Start listener action : sampleAfterTestCase: null

2019-12-04 16:00:16 - [TEST_STEP][PASSED] - println("I am inside sampleAfterTestCase fuction"): null

2019-12-04 16:00:16 - [TEST_STEP][PASSED] - Start listener action : sampleAfterTestCase: null]]></system-out>
         <system-err><![CDATA[]]></system-err>
      </testcase>
      <system-out><![CDATA[2019-12-04 15:59:54 - [TEST_SUITE][PASSED] - TestSuite1: Test Cases/Login/Test3]]></system-out>
      <system-err><![CDATA[]]></system-err>
   </testsuite>
</testsuites>
