<?xml version="1.0" encoding="UTF-8"?>
<testsuites name="TestSuite2" time="16.009" tests="1" failures="0" errors="0">
   <testsuite name="TestSuite2" tests="1" failures="0" errors="0" time="16.009" timestamp="2019-12-11 18:45:06" hostname="yovchev.m - DEW-YOVCHEV.ik.local" id="Test Suites/TestSuite2">
      <properties>
         <property name="deviceName" value=""/>
         <property name="devicePlatform" value=""/>
         <property name="logFolder" value="C:\\Users\\yovchev.m\\Katalon Studio\\SampleProject\\Reports\\20191211_184452\\TestSuite2\\20191211_184453"/>
         <property name="logFiles" value="C:\\Users\\yovchev.m\\Katalon Studio\\SampleProject\\Reports\\20191211_184452\\TestSuite2\\20191211_184453\\execution0.log"/>
         <property name="attachments" value=""/>
         <property name="hostName" value="yovchev.m - DEW-YOVCHEV.ik.local"/>
         <property name="os" value="Windows 10 64bit"/>
         <property name="katalonVersion" value="7.1.0.1"/>
         <property name="browser" value="Firefox 71.0"/>
         <property name="hostAddress" value="192.168.56.1"/>
         <property name="sessionId" value="55427488-1785-48bb-a8a5-7715d60d72b1"/>
         <property name="seleniumVersion" value="3.141.59"/>
         <property name="proxyInformation" value="ProxyInformation{proxyOption=NO_PROXY, proxyServerType=HTTP, password=, proxyServerAddress=, proxyServerPort=0}"/>
         <property name="platform" value="Windows 10"/>
      </properties>
      <testcase name="Test Cases/Login/Test3" time="11.604" classname="Test Cases/Login/Test3" status="PASSED">
         <system-out><![CDATA[2019-12-11 18:45:07 - [TEST_CASE][PASSED] - Test Cases/Login/Test3: Test Cases/Login/Test3

2019-12-11 18:45:07 - [TEST_STEP][PASSED] - Start listener action : onTestCaseStart: null

2019-12-11 18:45:07 - [TEST_STEP][PASSED] - println("I am inside onTestCaseStart fuction"): null

2019-12-11 18:45:07 - [TEST_STEP][PASSED] - openBrowser("http://lifecharger.org/"): Browser is opened with url: 'http://lifecharger.org/'

2019-12-11 18:45:07 - [MESSAGE][INFO] - Starting 'Firefox (headless)' driver

2019-12-11 18:45:07 - [MESSAGE][INFO] - Action delay is set to 0 seconds

2019-12-11 18:45:15 - [MESSAGE][PASSED] - Browser is opened with url: 'http://lifecharger.org/'

2019-12-11 18:45:15 - [TEST_STEP][PASSED] - click(findTestObject("Object Repository/Test3_OR/h2_Make the rest of your life the best of your life")): Object: 'Object Repository/Test3_OR/h2_Make the rest of your life the best of your life' is clicked on

2019-12-11 18:45:17 - [MESSAGE][PASSED] - Object: 'Object Repository/Test3_OR/h2_Make the rest of your life the best of your life' is clicked on

2019-12-11 18:45:17 - [TEST_STEP][PASSED] - setText(findTestObject("Object Repository/Test3_OR/input_Search for_s"), "life"): Text 'life' is set on object 'Object Repository/Test3_OR/input_Search for_s'

2019-12-11 18:45:17 - [MESSAGE][PASSED] - Text 'life' is set on object 'Object Repository/Test3_OR/input_Search for_s'

2019-12-11 18:45:17 - [TEST_STEP][PASSED] - verifyElementPresent(findTestObject("Object Repository/Test3_OR/a_Home"), 4): Object 'Object Repository/Test3_OR/a_Home' is present

2019-12-11 18:45:17 - [MESSAGE][PASSED] - Object 'Object Repository/Test3_OR/a_Home' is present

2019-12-11 18:45:17 - [TEST_STEP][PASSED] - closeBrowser(): Browser is closed

2019-12-11 18:45:18 - [MESSAGE][PASSED] - Browser is closed

2019-12-11 18:45:18 - [TEST_STEP][PASSED] - Start listener action : sampleAfterTestCase: null

2019-12-11 18:45:18 - [TEST_STEP][PASSED] - println("I am inside sampleAfterTestCase fuction"): null

2019-12-11 18:45:18 - [TEST_STEP][PASSED] - Start listener action : sampleAfterTestCase: null]]></system-out>
         <system-err><![CDATA[]]></system-err>
      </testcase>
      <system-out><![CDATA[2019-12-11 18:45:06 - [TEST_SUITE][PASSED] - TestSuite2: Test Cases/Login/Test3]]></system-out>
      <system-err><![CDATA[]]></system-err>
   </testsuite>
</testsuites>
