<?xml version="1.0" encoding="UTF-8"?>
<testsuites name="TestSuite3" time="14.719" tests="1" failures="0" errors="0">
   <testsuite name="TestSuite3" tests="1" failures="0" errors="0" time="14.719" timestamp="2019-12-04 13:46:06" hostname="yovchev.m - DEW-YOVCHEV.ik.local" id="Test Suites/TestSuite3">
      <properties>
         <property name="deviceName" value=""/>
         <property name="devicePlatform" value=""/>
         <property name="logFolder" value="C:\\Users\\yovchev.m\\Katalon Studio\\SampleProject\\Reports\\20191204_134600\\TestSuite3\\20191204_134600"/>
         <property name="logFiles" value="C:\\Users\\yovchev.m\\Katalon Studio\\SampleProject\\Reports\\20191204_134600\\TestSuite3\\20191204_134600\\execution0.log"/>
         <property name="attachments" value=""/>
         <property name="hostName" value="yovchev.m - DEW-YOVCHEV.ik.local"/>
         <property name="os" value="Windows 10 64bit"/>
         <property name="katalonVersion" value="7.1.0.1"/>
         <property name="browser" value="Firefox 70.0"/>
         <property name="hostAddress" value="192.168.56.1"/>
         <property name="sessionId" value="4f4f6746-43b4-427b-8fcb-1826efb46607"/>
         <property name="seleniumVersion" value="3.141.59"/>
         <property name="proxyInformation" value="ProxyInformation{proxyOption=NO_PROXY, proxyServerType=HTTP, password=, proxyServerAddress=, proxyServerPort=0}"/>
         <property name="platform" value="Windows 10"/>
      </properties>
      <testcase name="Test Cases/Day1/Test1" time="14.309" classname="Test Cases/Day1/Test1" status="PASSED">
         <system-out><![CDATA[2019-12-04 13:46:07 - [TEST_CASE][PASSED] - Test Cases/Day1/Test1: Test Cases/Day1/Test1

2019-12-04 13:46:07 - [TEST_STEP][PASSED] - Start listener action : onTestCaseStart: null

2019-12-04 13:46:07 - [TEST_STEP][PASSED] - println("I am inside onTestCaseStart fuction"): null

2019-12-04 13:46:07 - [TEST_STEP][PASSED] - println("I am inside Test1"): null

2019-12-04 13:46:07 - [TEST_STEP][PASSED] - openBrowser(""): Browser is opened with url: ''

2019-12-04 13:46:07 - [MESSAGE][INFO] - Starting 'Firefox' driver

2019-12-04 13:46:07 - [MESSAGE][INFO] - Action delay is set to 0 seconds

2019-12-04 13:46:11 - [MESSAGE][PASSED] - Browser is opened with url: ''

2019-12-04 13:46:11 - [TEST_STEP][PASSED] - navigateToUrl("https://opensource-demo.orangehrmlive.com/index.php/auth/login"): Navigate to 'https://opensource-demo.orangehrmlive.com/index.php/auth/login' successfully

2019-12-04 13:46:13 - [MESSAGE][PASSED] - Navigate to 'https://opensource-demo.orangehrmlive.com/index.php/auth/login' successfully

2019-12-04 13:46:13 - [TEST_STEP][NOT_RUN] - click(findTestObject("Object Repository/Page_OrangeHRM_demo/span_Username")): NOT_RUN: click(findTestObject("Object Repository/Page_OrangeHRM_demo/span_Username"))

2019-12-04 13:46:13 - [MESSAGE][NOT_RUN] - NOT_RUN: click(findTestObject("Object Repository/Page_OrangeHRM_demo/span_Username"))

2019-12-04 13:46:13 - [TEST_STEP][PASSED] - setText(findTestObject("Object Repository/Page_OrangeHRM_demo/input_LOGIN Panel_txtUsername"), "Admin"): Text 'Admin' is set on object 'Object Repository/Page_OrangeHRM_demo/input_LOGIN Panel_txtUsername'

2019-12-04 13:46:13 - [MESSAGE][PASSED] - Text 'Admin' is set on object 'Object Repository/Page_OrangeHRM_demo/input_LOGIN Panel_txtUsername'

2019-12-04 13:46:13 - [TEST_STEP][PASSED] - setEncryptedText(findTestObject("Object Repository/Page_OrangeHRM_demo/input_Username_txtPassword"), "hUKwJTbofgPU9eVlw/CnDQ=="): Text ****** has been set on object 'Object Repository/Page_OrangeHRM_demo/input_Username_txtPassword'

2019-12-04 13:46:13 - [MESSAGE][PASSED] - Text ****** has been set on object 'Object Repository/Page_OrangeHRM_demo/input_Username_txtPassword'

2019-12-04 13:46:13 - [TEST_STEP][PASSED] - click(findTestObject("Object Repository/Page_OrangeHRM_demo/button_login")): Object: 'Object Repository/Page_OrangeHRM_demo/button_login' is clicked on

2019-12-04 13:46:15 - [MESSAGE][PASSED] - Object: 'Object Repository/Page_OrangeHRM_demo/button_login' is clicked on

2019-12-04 13:46:15 - [TEST_STEP][PASSED] - click(findTestObject("Object Repository/Page_OrangeHRM_demo/a_Welcome Admin")): Object: 'Object Repository/Page_OrangeHRM_demo/a_Welcome Admin' is clicked on

2019-12-04 13:46:16 - [MESSAGE][PASSED] - Object: 'Object Repository/Page_OrangeHRM_demo/a_Welcome Admin' is clicked on

2019-12-04 13:46:16 - [TEST_STEP][PASSED] - click(findTestObject("Object Repository/Page_OrangeHRM_demo/a_Logout")): Object: 'Object Repository/Page_OrangeHRM_demo/a_Logout' is clicked on

2019-12-04 13:46:17 - [MESSAGE][PASSED] - Object: 'Object Repository/Page_OrangeHRM_demo/a_Logout' is clicked on

2019-12-04 13:46:17 - [TEST_STEP][PASSED] - closeBrowser(): Browser is closed

2019-12-04 13:46:21 - [MESSAGE][PASSED] - Browser is closed

2019-12-04 13:46:21 - [TEST_STEP][PASSED] - Start listener action : sampleAfterTestCase: null

2019-12-04 13:46:21 - [TEST_STEP][PASSED] - println("I am inside sampleAfterTestCase fuction"): null

2019-12-04 13:46:21 - [TEST_STEP][PASSED] - Start listener action : sampleAfterTestCase: null]]></system-out>
         <system-err><![CDATA[]]></system-err>
      </testcase>
      <system-out><![CDATA[2019-12-04 13:46:06 - [TEST_SUITE][PASSED] - TestSuite3: Test Cases/Day1/Test1]]></system-out>
      <system-err><![CDATA[]]></system-err>
   </testsuite>
</testsuites>
